<?xml version="1.0" encoding="UTF-8"?>
<!-- Generated by org.testng.reporters.JUnitXMLReporter -->
<testsuite ignored="2" hostname="DESKTOP-25FDBGI" failures="0" tests="1" name="Surefire test" time="1.139" errors="0" timestamp="2020-12-30T16:56:56 IST">
  <testcase classname="com.artoftesting.test.SauceDemoLoginTest" name="loginTest" time="1.094"/>
  <testcase classname="com.artoftesting.base.TestBase" name="@BeforeSuite suiteSetup" time="0.0">
    <ignored/>
  </testcase> <!-- @BeforeSuite suiteSetup -->
  <testcase classname="com.artoftesting.base.TestBase" name="@AfterSuite suiteTearDown" time="0.0">
    <ignored/>
  </testcase> <!-- @AfterSuite suiteTearDown -->
</testsuite> <!-- Surefire test -->
