<?xml version="1.0" encoding="UTF-8"?>
<!-- Generated by org.testng.reporters.JUnitXMLReporter -->
<testsuite ignored="0" hostname="DESKTOP-25FDBGI" failures="0" tests="3" name="Default test" time="3.22" errors="0" timestamp="2021-01-02T14:30:32 IST">
  <testcase classname="com.artoftesting.test.SauceDemoLoginTest" name="loginTest" time="1.046"/>
  <testcase classname="com.artoftesting.test.SauceDemoLoginTest" name="tempTest" time="0.001"/>
  <testcase classname="com.artoftesting.test.SauceDemoLoginTest" name="tempTest" time="0.003"/>
</testsuite> <!-- Default test -->
