<?xml version="1.0" encoding="UTF-8"?>
<!-- Generated by org.testng.reporters.JUnitXMLReporter -->
<testsuite ignored="0" hostname="DESKTOP-25FDBGI" failures="0" tests="3" name="Default test" time="5.399" errors="0" timestamp="2021-02-08T12:19:48 IST">
  <testcase classname="com.artoftesting.test.SauceDemoLoginTest" name="loginTest" time="1.398"/>
  <testcase classname="com.artoftesting.test.SauceDemoLoginTest" name="tempTest" time="0.003"/>
  <testcase classname="com.artoftesting.test.SauceDemoLoginTest" name="tempTest" time="0.002"/>
</testsuite> <!-- Default test -->
