<?xml version="1.0" encoding="UTF-8"?>
<testng-results ignored="2" total="3" passed="1" failed="0" skipped="0">
  <reporter-output>
  </reporter-output>
  <suite started-at="2020-12-30T16:56:55 IST" name="Surefire suite" finished-at="2020-12-30T16:56:56 IST" duration-ms="1139">
    <groups>
    </groups>
    <test started-at="2020-12-30T16:56:55 IST" name="Surefire test" finished-at="2020-12-30T16:56:56 IST" duration-ms="1139">
      <class name="com.artoftesting.base.TestBase">
        <test-method is-config="true" signature="suiteSetup()[pri:0, instance:com.artoftesting.base.TestBase@1c72da34]" started-at="2020-12-30T16:56:47 IST" name="suiteSetup" finished-at="2020-12-30T16:56:55 IST" duration-ms="7255" status="PASS">
          <reporter-output>
          </reporter-output>
        </test-method> <!-- suiteSetup -->
        <test-method is-config="true" signature="suiteTearDown()[pri:0, instance:com.artoftesting.base.TestBase@1c72da34]" started-at="2020-12-30T16:56:56 IST" name="suiteTearDown" finished-at="2020-12-30T16:56:57 IST" duration-ms="856" status="PASS">
          <reporter-output>
          </reporter-output>
        </test-method> <!-- suiteTearDown -->
      </class> <!-- com.artoftesting.base.TestBase -->
      <class name="com.artoftesting.test.SauceDemoLoginTest">
        <test-method signature="loginTest()[pri:0, instance:com.artoftesting.test.SauceDemoLoginTest@6b0c2d26]" started-at="2020-12-30T16:56:55 IST" name="loginTest" finished-at="2020-12-30T16:56:56 IST" duration-ms="1094" status="PASS">
          <reporter-output>
          </reporter-output>
        </test-method> <!-- loginTest -->
      </class> <!-- com.artoftesting.test.SauceDemoLoginTest -->
    </test> <!-- Surefire test -->
  </suite> <!-- Surefire suite -->
</testng-results>
